
Showing logs for build [32mcb-kubecd-environment-pr-193-41-42sk6-1[0m stage [32mfrom-build-pack[0m and container [32mstep-credential-initializer-fnlw2[0m
{"level":"warn","ts":1585912741.2164223,"logger":"fallback-logger","caller":"logging/config.go:69","msg":"Fetch GitHub commit ID from kodata failed: \"ref: refs/heads/0.8.0-**-support-backwards-incompats\" is not a valid GitHub commit ID"}
{"level":"info","ts":1585912741.2200441,"logger":"fallback-logger","caller":"creds-init/main.go:40","msg":"Credentials initialized."}

Showing logs for build [32mcb-kubecd-environment-pr-193-41-42sk6-1[0m stage [32mfrom-build-pack[0m and container [32mstep-working-dir-initializer-j4262[0m
{"level":"warn","ts":1585912742.7581818,"logger":"fallback-logger","caller":"logging/config.go:69","msg":"Fetch GitHub commit ID from kodata failed: open /var/run/ko/HEAD: no such file or directory"}
{"level":"info","ts":1585912742.7600822,"logger":"fallback-logger","caller":"bash/main.go:64","msg":"Successfully executed command \"sh -c mkdir -p /workspace/source\"; output "}

Showing logs for build [32mcb-kubecd-environment-pr-193-41-42sk6-1[0m stage [32mfrom-build-pack[0m and container [32mstep-place-tools[0m

Showing logs for build [32mcb-kubecd-environment-pr-193-41-42sk6-1[0m stage [32mfrom-build-pack[0m and container [32mstep-git-source-cb-kubecd-environment-pr-193-41-42sk6-bj8wk[0m
{"level":"warn","ts":1585912747.9667768,"logger":"fallback-logger","caller":"logging/config.go:69","msg":"Fetch GitHub commit ID from kodata failed: \"ref: refs/heads/0.8.0-**-support-backwards-incompats\" is not a valid GitHub commit ID"}
{"level":"info","ts":1585912749.1995797,"logger":"fallback-logger","caller":"git/git.go:103","msg":"Successfully cloned https://github.com/cb-kubecd/environment-pr-193-41-boot-gke-staging.git @ master in path /workspace/source"}

Showing logs for build [32mcb-kubecd-environment-pr-193-41-42sk6-1[0m stage [32mfrom-build-pack[0m and container [32mstep-git-merge[0m
Using SHAs from PULL_REFS=master:683cb1bbe8b045cc281c914a10f47519ebe4f079,4:088fe254fa3e8477f739a3a2d8cfadf785cdd6cc
DEBUG: LC_ALL=C JX_LOG_LEVEL=error git fetch origin --unshallow 088fe254fa3e8477f739a3a2d8cfadf785cdd6cc: 683cb1bbe8b045cc281c914a10f47519ebe4f079:
DEBUG: ran git fetch --unshallow origin 088fe254fa3e8477f739a3a2d8cfadf785cdd6cc: 683cb1bbe8b045cc281c914a10f47519ebe4f079: in 
DEBUG: LC_ALL=C JX_LOG_LEVEL=error git branch
DEBUG: JX_LOG_LEVEL=error LC_ALL=C git checkout master
DEBUG: ran git checkout master in 
DEBUG: JX_LOG_LEVEL=error LC_ALL=C git reset --hard 683cb1bbe8b045cc281c914a10f47519ebe4f079
DEBUG: ran git reset --hard 683cb1bbe8b045cc281c914a10f47519ebe4f079 in 
DEBUG: JX_LOG_LEVEL=error LC_ALL=C git clean -fd .
DEBUG: ran clean --force -d . in 
DEBUG: LC_ALL=C JX_LOG_LEVEL=error git merge 088fe254fa3e8477f739a3a2d8cfadf785cdd6cc
DEBUG: ran git merge 088fe254fa3e8477f739a3a2d8cfadf785cdd6cc in 
DEBUG: LC_ALL=C JX_LOG_LEVEL=error git log --format=%H%x1f%an%x1f%ae%x1f%cn%x1f%ce%x1f%s%n%b%x1e 683cb1bbe8b045cc281c914a10f47519ebe4f079..HEAD
Merged SHA 088fe254fa3e8477f739a3a2d8cfadf785cdd6cc with commit message 'chore: Promote bdd-gh-1585910531 to version 0.0.1' into base branch master

Showing logs for build [32mcb-kubecd-environment-pr-193-41-42sk6-1[0m stage [32mfrom-build-pack[0m and container [32mstep-build-helm-build[0m
WARNING: No $CHART_REPOSITORY defined so using the default value of: http://jenkins-x-chartmuseum:8080
Adding missing Helm repo: storage.googleapis.com https://storage.googleapis.com/chartmuseum.jenkins-x.io
WARNING: No secrets found on "helm/repos" due: reading the secret "helm/repos" from vault: no secret "helm/repos" not found in vault
Read credentials for https://storage.googleapis.com/chartmuseum.jenkins-x.io from vault helm/repos
Successfully added Helm repository storage.googleapis.com.
Adding missing Helm repo: jenkins-x-chartmuseum http://jenkins-x-chartmuseum:8080
WARNING: No secrets found on "helm/repos" due: reading the secret "helm/repos" from vault: no secret "helm/repos" not found in vault
Read credentials for http://jenkins-x-chartmuseum:8080 from vault helm/repos
Successfully added Helm repository jenkins-x-chartmuseum.
WARNING: No $CHART_REPOSITORY defined so using the default value of: http://jenkins-x-chartmuseum:8080
Adding missing Helm repo: chartmuseum.jenkins-x.io http://chartmuseum.jenkins-x.io
WARNING: No secrets found on "helm/repos" due: reading the secret "helm/repos" from vault: no secret "helm/repos" not found in vault
Read credentials for http://chartmuseum.jenkins-x.io from vault helm/repos
Successfully added Helm repository chartmuseum.jenkins-x.io.
