
Showing logs for build [32mcb-kubecd-environment-pr-193-41-rs6hm-1[0m stage [32mfrom-build-pack[0m and container [32mstep-credential-initializer-sjzpk[0m
{"level":"warn","ts":1585910837.3681755,"logger":"fallback-logger","caller":"logging/config.go:69","msg":"Fetch GitHub commit ID from kodata failed: \"ref: refs/heads/0.8.0-**-support-backwards-incompats\" is not a valid GitHub commit ID"}
{"level":"info","ts":1585910837.3694181,"logger":"fallback-logger","caller":"creds-init/main.go:40","msg":"Credentials initialized."}

Showing logs for build [32mcb-kubecd-environment-pr-193-41-rs6hm-1[0m stage [32mfrom-build-pack[0m and container [32mstep-working-dir-initializer-92xtm[0m
{"level":"warn","ts":1585910838.3158371,"logger":"fallback-logger","caller":"logging/config.go:69","msg":"Fetch GitHub commit ID from kodata failed: open /var/run/ko/HEAD: no such file or directory"}
{"level":"info","ts":1585910838.3216085,"logger":"fallback-logger","caller":"bash/main.go:64","msg":"Successfully executed command \"sh -c mkdir -p /workspace/source\"; output "}

Showing logs for build [32mcb-kubecd-environment-pr-193-41-rs6hm-1[0m stage [32mfrom-build-pack[0m and container [32mstep-place-tools[0m

Showing logs for build [32mcb-kubecd-environment-pr-193-41-rs6hm-1[0m stage [32mfrom-build-pack[0m and container [32mstep-git-source-cb-kubecd-environment-pr-193-41-rs6hm-25fzn[0m
{"level":"warn","ts":1585910842.5719562,"logger":"fallback-logger","caller":"logging/config.go:69","msg":"Fetch GitHub commit ID from kodata failed: \"ref: refs/heads/0.8.0-**-support-backwards-incompats\" is not a valid GitHub commit ID"}
{"level":"info","ts":1585910843.6372604,"logger":"fallback-logger","caller":"git/git.go:103","msg":"Successfully cloned https://github.com/cb-kubecd/environment-pr-193-41-boot-gke-staging.git @ master in path /workspace/source"}

Showing logs for build [32mcb-kubecd-environment-pr-193-41-rs6hm-1[0m stage [32mfrom-build-pack[0m and container [32mstep-git-merge[0m
Using SHAs from PULL_REFS=master:5b53ef373450df6ad85eb1612c9f7bed0244359d,2:ce864db1e54cd16018a6cd590fcc162f1890279e
DEBUG: LC_ALL=C JX_LOG_LEVEL=error git fetch origin --unshallow ce864db1e54cd16018a6cd590fcc162f1890279e: 5b53ef373450df6ad85eb1612c9f7bed0244359d:
DEBUG: ran git fetch --unshallow origin ce864db1e54cd16018a6cd590fcc162f1890279e: 5b53ef373450df6ad85eb1612c9f7bed0244359d: in 
DEBUG: LC_ALL=C JX_LOG_LEVEL=error git branch
DEBUG: LC_ALL=C JX_LOG_LEVEL=error git checkout master
DEBUG: ran git checkout master in 
DEBUG: LC_ALL=C JX_LOG_LEVEL=error git reset --hard 5b53ef373450df6ad85eb1612c9f7bed0244359d
DEBUG: ran git reset --hard 5b53ef373450df6ad85eb1612c9f7bed0244359d in 
DEBUG: LC_ALL=C JX_LOG_LEVEL=error git clean -fd .
DEBUG: ran clean --force -d . in 
DEBUG: LC_ALL=C JX_LOG_LEVEL=error git merge ce864db1e54cd16018a6cd590fcc162f1890279e
DEBUG: ran git merge ce864db1e54cd16018a6cd590fcc162f1890279e in 
DEBUG: LC_ALL=C JX_LOG_LEVEL=error git log --format=%H%x1f%an%x1f%ae%x1f%cn%x1f%ce%x1f%s%n%b%x1e 5b53ef373450df6ad85eb1612c9f7bed0244359d..HEAD
Merged SHA ce864db1e54cd16018a6cd590fcc162f1890279e with commit message 'chore: Promote bdd-nh-1585910531 to version 0.0.1' into base branch master

Showing logs for build [32mcb-kubecd-environment-pr-193-41-rs6hm-1[0m stage [32mfrom-build-pack[0m and container [32mstep-build-helm-build[0m
WARNING: No $CHART_REPOSITORY defined so using the default value of: http://jenkins-x-chartmuseum:8080
Adding missing Helm repo: storage.googleapis.com https://storage.googleapis.com/chartmuseum.jenkins-x.io
WARNING: No secrets found on "helm/repos" due: reading the secret "helm/repos" from vault: no secret "helm/repos" not found in vault
Read credentials for https://storage.googleapis.com/chartmuseum.jenkins-x.io from vault helm/repos
Successfully added Helm repository storage.googleapis.com.
Adding missing Helm repo: jenkins-x-chartmuseum http://jenkins-x-chartmuseum:8080
WARNING: No secrets found on "helm/repos" due: reading the secret "helm/repos" from vault: no secret "helm/repos" not found in vault
Read credentials for http://jenkins-x-chartmuseum:8080 from vault helm/repos
Successfully added Helm repository jenkins-x-chartmuseum.
WARNING: No $CHART_REPOSITORY defined so using the default value of: http://jenkins-x-chartmuseum:8080
Adding missing Helm repo: chartmuseum.jenkins-x.io http://chartmuseum.jenkins-x.io
WARNING: No secrets found on "helm/repos" due: reading the secret "helm/repos" from vault: no secret "helm/repos" not found in vault
Read credentials for http://chartmuseum.jenkins-x.io from vault helm/repos
Successfully added Helm repository chartmuseum.jenkins-x.io.
