
Showing logs for build [32mcb-kubecd-environment-pr-193-41-4bt8z-1[0m stage [32mfrom-build-pack[0m and container [32mstep-credential-initializer-m6f4q[0m
{"level":"warn","ts":1585909715.376415,"logger":"fallback-logger","caller":"logging/config.go:69","msg":"Fetch GitHub commit ID from kodata failed: \"ref: refs/heads/0.8.0-**-support-backwards-incompats\" is not a valid GitHub commit ID"}
{"level":"info","ts":1585909715.3775892,"logger":"fallback-logger","caller":"creds-init/main.go:40","msg":"Credentials initialized."}

Showing logs for build [32mcb-kubecd-environment-pr-193-41-4bt8z-1[0m stage [32mfrom-build-pack[0m and container [32mstep-working-dir-initializer-pprdj[0m
{"level":"warn","ts":1585909716.3527687,"logger":"fallback-logger","caller":"logging/config.go:69","msg":"Fetch GitHub commit ID from kodata failed: open /var/run/ko/HEAD: no such file or directory"}
{"level":"info","ts":1585909716.3577814,"logger":"fallback-logger","caller":"bash/main.go:64","msg":"Successfully executed command \"sh -c mkdir -p /workspace/source\"; output "}

Showing logs for build [32mcb-kubecd-environment-pr-193-41-4bt8z-1[0m stage [32mfrom-build-pack[0m and container [32mstep-place-tools[0m

Showing logs for build [32mcb-kubecd-environment-pr-193-41-4bt8z-1[0m stage [32mfrom-build-pack[0m and container [32mstep-git-source-cb-kubecd-environment-pr-193-41-4bt8z-b9nfm[0m
{"level":"warn","ts":1585909721.4208546,"logger":"fallback-logger","caller":"logging/config.go:69","msg":"Fetch GitHub commit ID from kodata failed: \"ref: refs/heads/0.8.0-**-support-backwards-incompats\" is not a valid GitHub commit ID"}
{"level":"info","ts":1585909722.512786,"logger":"fallback-logger","caller":"git/git.go:103","msg":"Successfully cloned https://github.com/cb-kubecd/environment-pr-193-41-boot-gke-staging.git @ master in path /workspace/source"}

Showing logs for build [32mcb-kubecd-environment-pr-193-41-4bt8z-1[0m stage [32mfrom-build-pack[0m and container [32mstep-git-merge[0m
Using SHAs from PULL_REFS=master:3788b24ec17a4ee12809601599b7fe33e28bf845,1:f5a2efe7481faa4adae7fe79cfceb4fcef38b636
DEBUG: JX_LOG_LEVEL=error LC_ALL=C git fetch origin --unshallow f5a2efe7481faa4adae7fe79cfceb4fcef38b636: 3788b24ec17a4ee12809601599b7fe33e28bf845:
DEBUG: ran git fetch --unshallow origin f5a2efe7481faa4adae7fe79cfceb4fcef38b636: 3788b24ec17a4ee12809601599b7fe33e28bf845: in 
DEBUG: JX_LOG_LEVEL=error LC_ALL=C git branch
DEBUG: LC_ALL=C JX_LOG_LEVEL=error git checkout master
DEBUG: ran git checkout master in 
DEBUG: LC_ALL=C JX_LOG_LEVEL=error git reset --hard 3788b24ec17a4ee12809601599b7fe33e28bf845
DEBUG: ran git reset --hard 3788b24ec17a4ee12809601599b7fe33e28bf845 in 
DEBUG: LC_ALL=C JX_LOG_LEVEL=error git clean -fd .
DEBUG: ran clean --force -d . in 
DEBUG: JX_LOG_LEVEL=error LC_ALL=C git merge f5a2efe7481faa4adae7fe79cfceb4fcef38b636
DEBUG: ran git merge f5a2efe7481faa4adae7fe79cfceb4fcef38b636 in 
DEBUG: LC_ALL=C JX_LOG_LEVEL=error git log --format=%H%x1f%an%x1f%ae%x1f%cn%x1f%ce%x1f%s%n%b%x1e 3788b24ec17a4ee12809601599b7fe33e28bf845..HEAD
Merged SHA f5a2efe7481faa4adae7fe79cfceb4fcef38b636 with commit message 'chore: Promote bdd-spring-1585909412 to version 0.0.1' into base branch master

Showing logs for build [32mcb-kubecd-environment-pr-193-41-4bt8z-1[0m stage [32mfrom-build-pack[0m and container [32mstep-build-helm-build[0m
WARNING: No $CHART_REPOSITORY defined so using the default value of: http://jenkins-x-chartmuseum:8080
Adding missing Helm repo: storage.googleapis.com https://storage.googleapis.com/chartmuseum.jenkins-x.io
WARNING: No secrets found on "helm/repos" due: reading the secret "helm/repos" from vault: no secret "helm/repos" not found in vault
Read credentials for https://storage.googleapis.com/chartmuseum.jenkins-x.io from vault helm/repos
Successfully added Helm repository storage.googleapis.com.
Adding missing Helm repo: jenkins-x-chartmuseum http://jenkins-x-chartmuseum:8080
WARNING: No secrets found on "helm/repos" due: reading the secret "helm/repos" from vault: no secret "helm/repos" not found in vault
Read credentials for http://jenkins-x-chartmuseum:8080 from vault helm/repos
Successfully added Helm repository jenkins-x-chartmuseum.
WARNING: No $CHART_REPOSITORY defined so using the default value of: http://jenkins-x-chartmuseum:8080
Adding missing Helm repo: chartmuseum.jenkins-x.io http://chartmuseum.jenkins-x.io
WARNING: No secrets found on "helm/repos" due: reading the secret "helm/repos" from vault: no secret "helm/repos" not found in vault
Read credentials for http://chartmuseum.jenkins-x.io from vault helm/repos
Successfully added Helm repository chartmuseum.jenkins-x.io.
